{
  "stats": {
    "suites": 1,
    "tests": 6,
    "passes": 6,
    "pending": 0,
    "failures": 0,
    "start": "2024-09-30T03:50:37.719Z",
    "end": "2024-09-30T03:51:05.359Z",
    "duration": 27640,
    "testsRegistered": 6,
    "passPercent": 100,
    "pendingPercent": 0,
    "other": 0,
    "hasOther": false,
    "skipped": 0,
    "hasSkipped": false
  },
  "results": [
    {
      "uuid": "7a2bec6c-5f48-4642-8072-255aef98bdaa",
      "title": "",
      "fullFile": "D:\\Kerjaan\\btn\\automation_test\\btn_properti\\tests\\homePageTest.js",
      "file": "\\tests\\homePageTest.js",
      "beforeHooks": [],
      "afterHooks": [],
      "tests": [],
      "suites": [
        {
          "uuid": "b22ed1d4-821e-43a6-afbe-0989aacce02b",
          "title": "Check home page",
          "fullFile": "D:\\Kerjaan\\btn\\automation_test\\btn_properti\\tests\\homePageTest.js",
          "file": "\\tests\\homePageTest.js",
          "beforeHooks": [],
          "afterHooks": [
            {
              "title": "\"after all\" hook: Quit the browser in \"Check home page\"",
              "fullTitle": "Check home page \"after all\" hook: Quit the browser in \"Check home page\"",
              "timedOut": false,
              "duration": 900,
              "state": null,
              "speed": null,
              "pass": false,
              "fail": false,
              "pending": false,
              "context": null,
              "code": "await testHomePage.quitTheBrowser()",
              "err": {},
              "uuid": "afe2526c-9069-4688-8cd3-41a663f2449a",
              "parentUUID": "b22ed1d4-821e-43a6-afbe-0989aacce02b",
              "isHook": true,
              "skipped": false
            }
          ],
          "tests": [
            {
              "title": "TC001 access BTN Properti website",
              "fullTitle": "Check home page TC001 access BTN Properti website",
              "timedOut": false,
              "duration": 12628,
              "state": "passed",
              "speed": "slow",
              "pass": true,
              "fail": false,
              "pending": false,
              "context": null,
              "code": "await testHomePage.navigateToBtnPropertiWeb()\n\nconst actualTitle = await driver.getTitle()\nconst expectedTitle = 'BTN Properti: Kemudahan Miliki Rumah Impian Dimulai Dari Sini'\nawait testHomePage.verifyThat(actualTitle, expectedTitle)\n\nawait testHomePage.scrollDown()",
              "err": {},
              "uuid": "26964782-d04a-4d22-9559-41f8d5c7d19c",
              "parentUUID": "b22ed1d4-821e-43a6-afbe-0989aacce02b",
              "isHook": false,
              "skipped": false
            },
            {
              "title": "TC002 navigate to Hitung Harga page",
              "fullTitle": "Check home page TC002 navigate to Hitung Harga page",
              "timedOut": false,
              "duration": 2179,
              "state": "passed",
              "speed": "slow",
              "pass": true,
              "fail": false,
              "pending": false,
              "context": null,
              "code": "await testHomePage.navigateToHitungHargaPage()\n\nconst actualUrl = await driver.getCurrentUrl()\nconst expectedUrl = url.spesific_url.hitung_harga\nawait testHomePage.verifyThat(actualUrl, expectedUrl)\n\nawait testHomePage.backToPreviousPage()",
              "err": {},
              "uuid": "f92b1072-c81b-4863-94d6-c1759f2b7ae1",
              "parentUUID": "b22ed1d4-821e-43a6-afbe-0989aacce02b",
              "isHook": false,
              "skipped": false
            },
            {
              "title": "TC003 navigate to Harga Pasar page",
              "fullTitle": "Check home page TC003 navigate to Harga Pasar page",
              "timedOut": false,
              "duration": 3993,
              "state": "passed",
              "speed": "slow",
              "pass": true,
              "fail": false,
              "pending": false,
              "context": null,
              "code": "await testHomePage.navigateToHargaPasar()\nconst actualUrl = await driver.getCurrentUrl()\nconst expectedUrl = url.spesific_url.harga_pasar\nawait testHomePage.verifyThat(actualUrl, expectedUrl)\nawait testHomePage.backToPreviousPage()",
              "err": {},
              "uuid": "8ebf0c55-4f0e-4c59-929d-2718febedf1b",
              "parentUUID": "b22ed1d4-821e-43a6-afbe-0989aacce02b",
              "isHook": false,
              "skipped": false
            },
            {
              "title": "TC004 navigate to Simulasi KPR page",
              "fullTitle": "Check home page TC004 navigate to Simulasi KPR page",
              "timedOut": false,
              "duration": 2737,
              "state": "passed",
              "speed": "slow",
              "pass": true,
              "fail": false,
              "pending": false,
              "context": null,
              "code": "await testHomePage.navigateToSimulasiKpr()\nconst actualUrl = await driver.getCurrentUrl()\nconst expectedUrl = url.spesific_url.simulasi_kpr\nawait testHomePage.verifyThat(actualUrl, expectedUrl)\nawait testHomePage.backToPreviousPage()",
              "err": {},
              "uuid": "d5f25117-aab3-4b9c-b4ad-eee69e88855e",
              "parentUUID": "b22ed1d4-821e-43a6-afbe-0989aacce02b",
              "isHook": false,
              "skipped": false
            },
            {
              "title": "TC005 navigate to Komparasi Properti page",
              "fullTitle": "Check home page TC005 navigate to Komparasi Properti page",
              "timedOut": false,
              "duration": 2969,
              "state": "passed",
              "speed": "slow",
              "pass": true,
              "fail": false,
              "pending": false,
              "context": null,
              "code": "await testHomePage.navigateToKomparasiProperti()\nconst actualUrl = await driver.getCurrentUrl()\nconst expectedUrl = url.spesific_url.komparasi_properti\nawait testHomePage.verifyThat(actualUrl, expectedUrl)\nawait testHomePage.backToPreviousPage()",
              "err": {},
              "uuid": "2039ff5a-4489-4a3d-b766-db017a7a522a",
              "parentUUID": "b22ed1d4-821e-43a6-afbe-0989aacce02b",
              "isHook": false,
              "skipped": false
            },
            {
              "title": "TC004 navigate to Simulasi KPR page",
              "fullTitle": "Check home page TC004 navigate to Simulasi KPR page",
              "timedOut": false,
              "duration": 2201,
              "state": "passed",
              "speed": "slow",
              "pass": true,
              "fail": false,
              "pending": false,
              "context": null,
              "code": "await testHomePage.navigateToKonsultasi()\nconst actualUrl = await driver.getCurrentUrl()\nconst expectedUrl = url.spesific_url.konsultasi\nawait testHomePage.verifyThat(actualUrl, expectedUrl)\nawait testHomePage.backToPreviousPage()",
              "err": {},
              "uuid": "2b134159-4228-452e-a6a8-41e1c636fa97",
              "parentUUID": "b22ed1d4-821e-43a6-afbe-0989aacce02b",
              "isHook": false,
              "skipped": false
            }
          ],
          "suites": [],
          "passes": [
            "26964782-d04a-4d22-9559-41f8d5c7d19c",
            "f92b1072-c81b-4863-94d6-c1759f2b7ae1",
            "8ebf0c55-4f0e-4c59-929d-2718febedf1b",
            "d5f25117-aab3-4b9c-b4ad-eee69e88855e",
            "2039ff5a-4489-4a3d-b766-db017a7a522a",
            "2b134159-4228-452e-a6a8-41e1c636fa97"
          ],
          "failures": [],
          "pending": [],
          "skipped": [],
          "duration": 26707,
          "root": false,
          "rootEmpty": false,
          "_timeout": 0
        }
      ],
      "passes": [],
      "failures": [],
      "pending": [],
      "skipped": [],
      "duration": 0,
      "root": true,
      "rootEmpty": true,
      "_timeout": 2000
    }
  ],
  "meta": {
    "mocha": {
      "version": "10.7.3"
    },
    "mochawesome": {
      "options": {
        "quiet": false,
        "reportFilename": "report",
        "saveHtml": true,
        "saveJson": true,
        "consoleReporter": "spec",
        "useInlineDiffs": false,
        "code": true
      },
      "version": "7.1.3"
    },
    "marge": {
      "options": {
        "reportDir": "D:\\Kerjaan\\btn\\automation_test\\btn_properti\\reports\\2024-09-30\\mochawesome-report",
        "reportFilename": "report",
        "overwrite": true,
        "html": true,
        "json": true
      },
      "version": "6.2.0"
    }
  }
}