{
  "stats": {
    "suites": 1,
    "tests": 9,
    "passes": 7,
    "pending": 0,
    "failures": 2,
    "start": "2024-09-30T09:51:51.340Z",
    "end": "2024-09-30T09:52:36.476Z",
    "duration": 45136,
    "testsRegistered": 9,
    "passPercent": 77.77777777777779,
    "pendingPercent": 0,
    "other": 0,
    "hasOther": false,
    "skipped": 0,
    "hasSkipped": false
  },
  "results": [
    {
      "uuid": "c1dc855f-dd69-4b40-bc43-9f40dea79225",
      "title": "",
      "fullFile": "D:\\Kerjaan\\btn\\automation_test\\btn_properti\\tests\\homePageTest.js",
      "file": "\\tests\\homePageTest.js",
      "beforeHooks": [],
      "afterHooks": [],
      "tests": [],
      "suites": [
        {
          "uuid": "26812902-4d2c-47d2-a9eb-23a7c613b5ab",
          "title": "Check home page",
          "fullFile": "D:\\Kerjaan\\btn\\automation_test\\btn_properti\\tests\\homePageTest.js",
          "file": "\\tests\\homePageTest.js",
          "beforeHooks": [],
          "afterHooks": [
            {
              "title": "\"after all\" hook: Quit the browser in \"Check home page\"",
              "fullTitle": "Check home page \"after all\" hook: Quit the browser in \"Check home page\"",
              "timedOut": false,
              "duration": 930,
              "state": null,
              "speed": null,
              "pass": false,
              "fail": false,
              "pending": false,
              "context": null,
              "code": "await testHomePage.quitTheBrowser()",
              "err": {},
              "uuid": "c87a615a-78d3-4794-a6cc-5cf3c6213c59",
              "parentUUID": "26812902-4d2c-47d2-a9eb-23a7c613b5ab",
              "isHook": true,
              "skipped": false
            }
          ],
          "tests": [
            {
              "title": "TC001 access BTN Properti website",
              "fullTitle": "Check home page TC001 access BTN Properti website",
              "timedOut": false,
              "duration": 10838,
              "state": "passed",
              "speed": "slow",
              "pass": true,
              "fail": false,
              "pending": false,
              "context": null,
              "code": "await testHomePage.navigateToBtnPropertiWeb()\n\nconst actualTitle = await driver.getTitle()\nconst expectedTitle = 'BTN Properti: Kemudahan Miliki Rumah Impian Dimulai Dari Sini'\nawait testHomePage.verifyThat(actualTitle, expectedTitle)\n\nawait testHomePage.scrollDown()",
              "err": {},
              "uuid": "0285b45b-227b-4797-9be0-b91ed2724e68",
              "parentUUID": "26812902-4d2c-47d2-a9eb-23a7c613b5ab",
              "isHook": false,
              "skipped": false
            },
            {
              "title": "TC002 navigate to Hitung Harga page",
              "fullTitle": "Check home page TC002 navigate to Hitung Harga page",
              "timedOut": false,
              "duration": 3808,
              "state": "passed",
              "speed": "slow",
              "pass": true,
              "fail": false,
              "pending": false,
              "context": null,
              "code": "await testHomePage.navigateToHitungHargaPage()\nawait driver.sleep(3000)\n\nconst actualUrl = await driver.getCurrentUrl()\nconst expectedUrl = url.spesific_url.hitung_harga\nawait testHomePage.verifyThat(actualUrl, expectedUrl)\n\nawait testHomePage.backToPreviousPage()",
              "err": {},
              "uuid": "72204495-b53e-4255-8615-ca0d93c5e6bc",
              "parentUUID": "26812902-4d2c-47d2-a9eb-23a7c613b5ab",
              "isHook": false,
              "skipped": false
            },
            {
              "title": "TC003 navigate to Harga Pasar page",
              "fullTitle": "Check home page TC003 navigate to Harga Pasar page",
              "timedOut": false,
              "duration": 4815,
              "state": "passed",
              "speed": "slow",
              "pass": true,
              "fail": false,
              "pending": false,
              "context": null,
              "code": "await testHomePage.navigateToHargaPasar()\nawait driver.sleep(3000)\nconst actualUrl = await driver.getCurrentUrl()\nconst expectedUrl = url.spesific_url.harga_pasar\nawait testHomePage.verifyThat(actualUrl, expectedUrl)\nawait testHomePage.backToPreviousPage()",
              "err": {},
              "uuid": "b20e92bc-10fb-4966-b417-02c2e74b01c0",
              "parentUUID": "26812902-4d2c-47d2-a9eb-23a7c613b5ab",
              "isHook": false,
              "skipped": false
            },
            {
              "title": "TC004 navigate to Simulasi KPR page",
              "fullTitle": "Check home page TC004 navigate to Simulasi KPR page",
              "timedOut": false,
              "duration": 4751,
              "state": "passed",
              "speed": "slow",
              "pass": true,
              "fail": false,
              "pending": false,
              "context": null,
              "code": "await testHomePage.navigateToSimulasiKpr()\nawait driver.sleep(3000)\nconst actualUrl = await driver.getCurrentUrl()\nconst expectedUrl = url.spesific_url.simulasi_kpr\nawait testHomePage.verifyThat(actualUrl, expectedUrl)\n\nawait testHomePage.backToPreviousPage()",
              "err": {},
              "uuid": "ea43aa45-d58a-4943-900d-12fd13c318be",
              "parentUUID": "26812902-4d2c-47d2-a9eb-23a7c613b5ab",
              "isHook": false,
              "skipped": false
            },
            {
              "title": "TC005 navigate to Komparasi Properti page",
              "fullTitle": "Check home page TC005 navigate to Komparasi Properti page",
              "timedOut": false,
              "duration": 5080,
              "state": "passed",
              "speed": "slow",
              "pass": true,
              "fail": false,
              "pending": false,
              "context": null,
              "code": "await testHomePage.navigateToKomparasiProperti()\nawait driver.sleep(3000)\nconst actualUrl = await driver.getCurrentUrl()\nconst expectedUrl = url.spesific_url.komparasi_properti\nawait testHomePage.verifyThat(actualUrl, expectedUrl)\n\nawait testHomePage.backToPreviousPage()",
              "err": {},
              "uuid": "eca4441a-40c2-4bea-ad77-286387e810f3",
              "parentUUID": "26812902-4d2c-47d2-a9eb-23a7c613b5ab",
              "isHook": false,
              "skipped": false
            },
            {
              "title": "TC006 navigate to Konsultasi page",
              "fullTitle": "Check home page TC006 navigate to Konsultasi page",
              "timedOut": false,
              "duration": 4603,
              "state": "passed",
              "speed": "slow",
              "pass": true,
              "fail": false,
              "pending": false,
              "context": null,
              "code": "await testHomePage.navigateToKonsultasi()\nawait driver.sleep(3000)\nconst actualUrl = await driver.getCurrentUrl()\nconst expectedUrl = url.spesific_url.konsultasi\nawait testHomePage.verifyThat(actualUrl, expectedUrl)\nawait testHomePage.backToPreviousPage()",
              "err": {},
              "uuid": "9e4cfc6f-6c7d-4539-81fe-4349cfb5c991",
              "parentUUID": "26812902-4d2c-47d2-a9eb-23a7c613b5ab",
              "isHook": false,
              "skipped": false
            },
            {
              "title": "TC007 navigate to Developer page",
              "fullTitle": "Check home page TC007 navigate to Developer page",
              "timedOut": false,
              "duration": 7755,
              "state": "passed",
              "speed": "slow",
              "pass": true,
              "fail": false,
              "pending": false,
              "context": null,
              "code": "await testHomePage.navigateToDeveloper()\nawait driver.sleep(6000)\nconst actualUrl = await driver.getCurrentUrl()\nconst expectedUrl = url.spesific_url.developer\nawait testHomePage.verifyThat(actualUrl, expectedUrl)\nawait testHomePage.backToPreviousPage()",
              "err": {},
              "uuid": "7ecb1875-e435-4ce4-8d96-186ab8929dcd",
              "parentUUID": "26812902-4d2c-47d2-a9eb-23a7c613b5ab",
              "isHook": false,
              "skipped": false
            },
            {
              "title": "TC008 navigate to Agen Properti page",
              "fullTitle": "Check home page TC008 navigate to Agen Properti page",
              "timedOut": false,
              "duration": 1365,
              "state": "failed",
              "speed": null,
              "pass": false,
              "fail": true,
              "pending": false,
              "context": null,
              "code": "await testHomePage.navigateToAgenProperti()\nawait driver.sleep(3000)\nconst actualUrl = await driver.getCurrentUrl()\nconst expectedUrl = url.spesific_url.agen_properti\nawait testHomePage.verifyThat(actualUrl, expectedUrl)\nawait testHomePage.backToPreviousPage()",
              "err": {
                "message": "ElementClickInterceptedError: element click intercepted: Element <a class=\"nav-link dropdown-toggle\" id=\"dropdown-beranda\" role=\"button\" aria-expanded=\"false\">...</a> is not clickable at point (651, 47). Other element would receive the click: <div style=\"position: fixed; width: 100%; top: 0px; left: 0px; display: flex; justify-content: center; align-items: center; height: 100%; background-color: rgba(0, 25, 62, 0.5); z-index: 99999999;\">...</div>\n  (Session info: chrome=129.0.6668.70)",
                "estack": "ElementClickInterceptedError: element click intercepted: Element <a class=\"nav-link dropdown-toggle\" id=\"dropdown-beranda\" role=\"button\" aria-expanded=\"false\">...</a> is not clickable at point (651, 47). Other element would receive the click: <div style=\"position: fixed; width: 100%; top: 0px; left: 0px; display: flex; justify-content: center; align-items: center; height: 100%; background-color: rgba(0, 25, 62, 0.5); z-index: 99999999;\">...</div>\n  (Session info: chrome=129.0.6668.70)\n    at Object.throwDecodedError (node_modules\\selenium-webdriver\\lib\\error.js:521:15)\n    at parseHttpResponse (node_modules\\selenium-webdriver\\lib\\http.js:514:13)\n    at Executor.execute (node_modules\\selenium-webdriver\\lib\\http.js:446:28)\n    at process.processTicksAndRejections (node:internal/process/task_queues:95:5)\n    at async thenableWebDriverProxy.execute (node_modules\\selenium-webdriver\\lib\\webdriver.js:744:17)\n    at async BasePage.clickButton (pages\\basePage.js:48:9)\n    at async HomePage.navigateToAgenProperti (pages\\homePage.js:77:9)\n    at async Context.<anonymous> (tests\\homePageTest.js:95:9)",
                "diff": null
              },
              "uuid": "4e239516-3996-499c-b78c-96353e67ee57",
              "parentUUID": "26812902-4d2c-47d2-a9eb-23a7c613b5ab",
              "isHook": false,
              "skipped": false
            },
            {
              "title": "TC009 navigate to Ajukan KPR page",
              "fullTitle": "Check home page TC009 navigate to Ajukan KPR page",
              "timedOut": false,
              "duration": 1146,
              "state": "failed",
              "speed": null,
              "pass": false,
              "fail": true,
              "pending": false,
              "context": null,
              "code": "await testHomePage.navigateToAjukanKpr()\nawait driver.sleep(2000)\n\nconst actualUrl = await driver.getCurrentUrl()\nconst expectedUrl = url.spesific_url.ajukan_kpr\nawait testHomePage.verifyThat(actualUrl, expectedUrl)",
              "err": {
                "message": "ElementClickInterceptedError: element click intercepted: Element <a href=\"#\" type=\"button\" class=\"btn btn-main text-white\" data-bs-toggle=\"modal\" data-bs-target=\"#modalLogin\">...</a> is not clickable at point (930, 47). Other element would receive the click: <div style=\"position: fixed; width: 100%; top: 0px; left: 0px; display: flex; justify-content: center; align-items: center; height: 100%; background-color: rgba(0, 25, 62, 0.5); z-index: 99999999;\">...</div>\n  (Session info: chrome=129.0.6668.70)",
                "estack": "ElementClickInterceptedError: element click intercepted: Element <a href=\"#\" type=\"button\" class=\"btn btn-main text-white\" data-bs-toggle=\"modal\" data-bs-target=\"#modalLogin\">...</a> is not clickable at point (930, 47). Other element would receive the click: <div style=\"position: fixed; width: 100%; top: 0px; left: 0px; display: flex; justify-content: center; align-items: center; height: 100%; background-color: rgba(0, 25, 62, 0.5); z-index: 99999999;\">...</div>\n  (Session info: chrome=129.0.6668.70)\n    at Object.throwDecodedError (node_modules\\selenium-webdriver\\lib\\error.js:521:15)\n    at parseHttpResponse (node_modules\\selenium-webdriver\\lib\\http.js:514:13)\n    at Executor.execute (node_modules\\selenium-webdriver\\lib\\http.js:446:28)\n    at process.processTicksAndRejections (node:internal/process/task_queues:95:5)\n    at async thenableWebDriverProxy.execute (node_modules\\selenium-webdriver\\lib\\webdriver.js:744:17)\n    at async BasePage.clickButton (pages\\basePage.js:48:9)\n    at async LoginPage.login (pages\\loginPage.js:19:9)\n    at async HomePage.navigateToAjukanKpr (pages\\homePage.js:83:9)\n    at async Context.<anonymous> (tests\\homePageTest.js:106:9)",
                "diff": null
              },
              "uuid": "19c8d2ca-7419-4b55-8dd0-1613304a8e02",
              "parentUUID": "26812902-4d2c-47d2-a9eb-23a7c613b5ab",
              "isHook": false,
              "skipped": false
            }
          ],
          "suites": [],
          "passes": [
            "0285b45b-227b-4797-9be0-b91ed2724e68",
            "72204495-b53e-4255-8615-ca0d93c5e6bc",
            "b20e92bc-10fb-4966-b417-02c2e74b01c0",
            "ea43aa45-d58a-4943-900d-12fd13c318be",
            "eca4441a-40c2-4bea-ad77-286387e810f3",
            "9e4cfc6f-6c7d-4539-81fe-4349cfb5c991",
            "7ecb1875-e435-4ce4-8d96-186ab8929dcd"
          ],
          "failures": [
            "4e239516-3996-499c-b78c-96353e67ee57",
            "19c8d2ca-7419-4b55-8dd0-1613304a8e02"
          ],
          "pending": [],
          "skipped": [],
          "duration": 44161,
          "root": false,
          "rootEmpty": false,
          "_timeout": 0
        }
      ],
      "passes": [],
      "failures": [],
      "pending": [],
      "skipped": [],
      "duration": 0,
      "root": true,
      "rootEmpty": true,
      "_timeout": 2000
    }
  ],
  "meta": {
    "mocha": {
      "version": "10.7.3"
    },
    "mochawesome": {
      "options": {
        "quiet": false,
        "reportFilename": "report",
        "saveHtml": true,
        "saveJson": true,
        "consoleReporter": "spec",
        "useInlineDiffs": false,
        "code": true
      },
      "version": "7.1.3"
    },
    "marge": {
      "options": {
        "reportDir": "D:\\Kerjaan\\btn\\automation_test\\btn_properti\\reports\\2024-09-30\\mochawesome-report",
        "reportFilename": "report",
        "overwrite": true,
        "html": true,
        "json": true
      },
      "version": "6.2.0"
    }
  }
}