{
  "stats": {
    "suites": 1,
    "tests": 9,
    "passes": 7,
    "pending": 0,
    "failures": 2,
    "start": "2024-10-02T08:00:16.798Z",
    "end": "2024-10-02T08:01:02.871Z",
    "duration": 46073,
    "testsRegistered": 9,
    "passPercent": 77.77777777777779,
    "pendingPercent": 0,
    "other": 0,
    "hasOther": false,
    "skipped": 0,
    "hasSkipped": false
  },
  "results": [
    {
      "uuid": "8aad9276-af8f-4ad3-9a80-78f9374a4628",
      "title": "",
      "fullFile": "D:\\Kerjaan\\btn\\automation_test\\btn_properti\\tests\\homePageTest.js",
      "file": "\\tests\\homePageTest.js",
      "beforeHooks": [],
      "afterHooks": [],
      "tests": [],
      "suites": [
        {
          "uuid": "57400e7a-f126-4360-a7af-dbf2a13c7770",
          "title": "Check home page",
          "fullFile": "D:\\Kerjaan\\btn\\automation_test\\btn_properti\\tests\\homePageTest.js",
          "file": "\\tests\\homePageTest.js",
          "beforeHooks": [],
          "afterHooks": [
            {
              "title": "\"after all\" hook: Quit the browser in \"Check home page\"",
              "fullTitle": "Check home page \"after all\" hook: Quit the browser in \"Check home page\"",
              "timedOut": false,
              "duration": 813,
              "state": null,
              "speed": null,
              "pass": false,
              "fail": false,
              "pending": false,
              "context": null,
              "code": "await testHomePage.quitTheBrowser()",
              "err": {},
              "uuid": "f432d5fa-d053-4ab5-ba69-238bda0643fc",
              "parentUUID": "57400e7a-f126-4360-a7af-dbf2a13c7770",
              "isHook": true,
              "skipped": false
            }
          ],
          "tests": [
            {
              "title": "TC001 access BTN Properti website",
              "fullTitle": "Check home page TC001 access BTN Properti website",
              "timedOut": false,
              "duration": 12011,
              "state": "passed",
              "speed": "slow",
              "pass": true,
              "fail": false,
              "pending": false,
              "context": null,
              "code": "await testHomePage.navigateToBtnPropertiWeb()\n\nconst actualTitle = await driver.getTitle()\nconst expectedTitle = 'BTN Properti: Kemudahan Miliki Rumah Impian Dimulai Dari Sini'\nawait testHomePage.verifyThat(actualTitle, expectedTitle)\n\nawait testHomePage.scrollDown()",
              "err": {},
              "uuid": "ecefb157-5c5f-48d1-a3b4-007a7c533ed3",
              "parentUUID": "57400e7a-f126-4360-a7af-dbf2a13c7770",
              "isHook": false,
              "skipped": false
            },
            {
              "title": "TC002 navigate to Hitung Harga page",
              "fullTitle": "Check home page TC002 navigate to Hitung Harga page",
              "timedOut": false,
              "duration": 3855,
              "state": "passed",
              "speed": "slow",
              "pass": true,
              "fail": false,
              "pending": false,
              "context": null,
              "code": "await testHomePage.navigateToHitungHargaPage()\n\nconst actualUrl = await driver.getCurrentUrl()\nconst expectedUrl = url.spesific_url.hitung_harga\nawait testHomePage.verifyThat(actualUrl, expectedUrl)\n\nawait testHomePage.backToPreviousPage()",
              "err": {},
              "uuid": "f8b0a738-f501-4db1-b002-ad92cc544659",
              "parentUUID": "57400e7a-f126-4360-a7af-dbf2a13c7770",
              "isHook": false,
              "skipped": false
            },
            {
              "title": "TC003 navigate to Harga Pasar page",
              "fullTitle": "Check home page TC003 navigate to Harga Pasar page",
              "timedOut": false,
              "duration": 4912,
              "state": "passed",
              "speed": "slow",
              "pass": true,
              "fail": false,
              "pending": false,
              "context": null,
              "code": "await testHomePage.navigateToHargaPasar()\nconst actualUrl = await driver.getCurrentUrl()\nconst expectedUrl = url.spesific_url.harga_pasar\nawait testHomePage.verifyThat(actualUrl, expectedUrl)\nawait testHomePage.backToPreviousPage()",
              "err": {},
              "uuid": "927c08e7-1d49-435f-94cb-06331257cd32",
              "parentUUID": "57400e7a-f126-4360-a7af-dbf2a13c7770",
              "isHook": false,
              "skipped": false
            },
            {
              "title": "TC004 navigate to Simulasi KPR page",
              "fullTitle": "Check home page TC004 navigate to Simulasi KPR page",
              "timedOut": false,
              "duration": 4845,
              "state": "passed",
              "speed": "slow",
              "pass": true,
              "fail": false,
              "pending": false,
              "context": null,
              "code": "await testHomePage.navigateToSimulasiKpr()\nconst actualUrl = await driver.getCurrentUrl()\nconst expectedUrl = url.spesific_url.simulasi_kpr\nawait testHomePage.verifyThat(actualUrl, expectedUrl)\n\nawait testHomePage.backToPreviousPage()",
              "err": {},
              "uuid": "6aa5a539-7e3d-4154-9b48-f1b78fd87255",
              "parentUUID": "57400e7a-f126-4360-a7af-dbf2a13c7770",
              "isHook": false,
              "skipped": false
            },
            {
              "title": "TC005 navigate to Komparasi Properti page",
              "fullTitle": "Check home page TC005 navigate to Komparasi Properti page",
              "timedOut": false,
              "duration": 4727,
              "state": "passed",
              "speed": "slow",
              "pass": true,
              "fail": false,
              "pending": false,
              "context": null,
              "code": "await testHomePage.navigateToKomparasiProperti()\nconst actualUrl = await driver.getCurrentUrl()\nconst expectedUrl = url.spesific_url.komparasi_properti\nawait testHomePage.verifyThat(actualUrl, expectedUrl)\n\nawait testHomePage.backToPreviousPage()",
              "err": {},
              "uuid": "aeda8c95-b2d5-40a3-863c-da25c4bdf020",
              "parentUUID": "57400e7a-f126-4360-a7af-dbf2a13c7770",
              "isHook": false,
              "skipped": false
            },
            {
              "title": "TC006 navigate to Konsultasi page",
              "fullTitle": "Check home page TC006 navigate to Konsultasi page",
              "timedOut": false,
              "duration": 4470,
              "state": "passed",
              "speed": "slow",
              "pass": true,
              "fail": false,
              "pending": false,
              "context": null,
              "code": "await testHomePage.navigateToKonsultasi()\nconst actualUrl = await driver.getCurrentUrl()\nconst expectedUrl = url.spesific_url.konsultasi\nawait testHomePage.verifyThat(actualUrl, expectedUrl)\nawait testHomePage.backToPreviousPage()",
              "err": {},
              "uuid": "20897861-778c-4e64-a8b8-cd84bf900414",
              "parentUUID": "57400e7a-f126-4360-a7af-dbf2a13c7770",
              "isHook": false,
              "skipped": false
            },
            {
              "title": "TC007 navigate to Developer page",
              "fullTitle": "Check home page TC007 navigate to Developer page",
              "timedOut": false,
              "duration": 7564,
              "state": "passed",
              "speed": "slow",
              "pass": true,
              "fail": false,
              "pending": false,
              "context": null,
              "code": "await testHomePage.navigateToDeveloper()\nconst actualUrl = await driver.getCurrentUrl()\nconst expectedUrl = url.spesific_url.developer\nawait testHomePage.verifyThat(actualUrl, expectedUrl)\nawait testHomePage.backToPreviousPage()",
              "err": {},
              "uuid": "1af9542e-2086-4071-b7a8-2d9d3daddfc3",
              "parentUUID": "57400e7a-f126-4360-a7af-dbf2a13c7770",
              "isHook": false,
              "skipped": false
            },
            {
              "title": "TC008 navigate to Agen Properti page",
              "fullTitle": "Check home page TC008 navigate to Agen Properti page",
              "timedOut": false,
              "duration": 1716,
              "state": "failed",
              "speed": null,
              "pass": false,
              "fail": true,
              "pending": false,
              "context": null,
              "code": "await testHomePage.navigateToAgenProperti()\nconst actualUrl = await driver.getCurrentUrl()\nconst expectedUrl = url.spesific_url.agen_properti\nawait testHomePage.verifyThat(actualUrl, expectedUrl)\nawait testHomePage.backToPreviousPage()\nawait driver.sleep(10000)",
              "err": {
                "message": "ElementClickInterceptedError: element click intercepted: Element <a class=\"nav-link dropdown-toggle\" id=\"dropdown-beranda\" role=\"button\" aria-expanded=\"false\">...</a> is not clickable at point (651, 47). Other element would receive the click: <div style=\"position: fixed; width: 100%; top: 0px; left: 0px; display: flex; justify-content: center; align-items: center; height: 100%; background-color: rgba(0, 25, 62, 0.5); z-index: 99999999;\">...</div>\n  (Session info: chrome=129.0.6668.70)",
                "estack": "ElementClickInterceptedError: element click intercepted: Element <a class=\"nav-link dropdown-toggle\" id=\"dropdown-beranda\" role=\"button\" aria-expanded=\"false\">...</a> is not clickable at point (651, 47). Other element would receive the click: <div style=\"position: fixed; width: 100%; top: 0px; left: 0px; display: flex; justify-content: center; align-items: center; height: 100%; background-color: rgba(0, 25, 62, 0.5); z-index: 99999999;\">...</div>\n  (Session info: chrome=129.0.6668.70)\n    at Object.throwDecodedError (node_modules\\selenium-webdriver\\lib\\error.js:521:15)\n    at parseHttpResponse (node_modules\\selenium-webdriver\\lib\\http.js:514:13)\n    at Executor.execute (node_modules\\selenium-webdriver\\lib\\http.js:446:28)\n    at process.processTicksAndRejections (node:internal/process/task_queues:95:5)\n    at async thenableWebDriverProxy.execute (node_modules\\selenium-webdriver\\lib\\webdriver.js:744:17)\n    at async BasePage.clickButton (pages\\basePage.js:48:9)\n    at async HomePage.navigateToAgenProperti (pages\\homePage.js:88:9)\n    at async Context.<anonymous> (tests\\homePageTest.js:89:9)",
                "diff": null
              },
              "uuid": "667858ca-e8b6-49b3-8ed3-2e63d465f439",
              "parentUUID": "57400e7a-f126-4360-a7af-dbf2a13c7770",
              "isHook": false,
              "skipped": false
            },
            {
              "title": "TC009 navigate to Ajukan KPR page",
              "fullTitle": "Check home page TC009 navigate to Ajukan KPR page",
              "timedOut": false,
              "duration": 1131,
              "state": "failed",
              "speed": null,
              "pass": false,
              "fail": true,
              "pending": false,
              "context": null,
              "code": "await testHomePage.navigateToAjukanKpr()\nawait driver.sleep(3000)\n\nconst actualUrl = await driver.getCurrentUrl()\nconst expectedUrl = url.spesific_url.ajukan_kpr\nawait testHomePage.verifyThat(actualUrl, expectedUrl)",
              "err": {
                "message": "ElementClickInterceptedError: element click intercepted: Element <a href=\"#\" type=\"button\" class=\"btn btn-main text-white\" data-bs-toggle=\"modal\" data-bs-target=\"#modalLogin\">...</a> is not clickable at point (930, 47). Other element would receive the click: <div style=\"position: fixed; width: 100%; top: 0px; left: 0px; display: flex; justify-content: center; align-items: center; height: 100%; background-color: rgba(0, 25, 62, 0.5); z-index: 99999999;\">...</div>\n  (Session info: chrome=129.0.6668.70)",
                "estack": "ElementClickInterceptedError: element click intercepted: Element <a href=\"#\" type=\"button\" class=\"btn btn-main text-white\" data-bs-toggle=\"modal\" data-bs-target=\"#modalLogin\">...</a> is not clickable at point (930, 47). Other element would receive the click: <div style=\"position: fixed; width: 100%; top: 0px; left: 0px; display: flex; justify-content: center; align-items: center; height: 100%; background-color: rgba(0, 25, 62, 0.5); z-index: 99999999;\">...</div>\n  (Session info: chrome=129.0.6668.70)\n    at Object.throwDecodedError (node_modules\\selenium-webdriver\\lib\\error.js:521:15)\n    at parseHttpResponse (node_modules\\selenium-webdriver\\lib\\http.js:514:13)\n    at Executor.execute (node_modules\\selenium-webdriver\\lib\\http.js:446:28)\n    at process.processTicksAndRejections (node:internal/process/task_queues:95:5)\n    at async thenableWebDriverProxy.execute (node_modules\\selenium-webdriver\\lib\\webdriver.js:744:17)\n    at async BasePage.clickButton (pages\\basePage.js:48:9)\n    at async LoginPage.login (pages\\loginPage.js:20:9)\n    at async HomePage.navigateToAjukanKpr (pages\\homePage.js:95:9)\n    at async Context.<anonymous> (tests\\homePageTest.js:100:9)",
                "diff": null
              },
              "uuid": "2e9a4a4b-eac0-4253-bcd6-5aae42581e13",
              "parentUUID": "57400e7a-f126-4360-a7af-dbf2a13c7770",
              "isHook": false,
              "skipped": false
            }
          ],
          "suites": [],
          "passes": [
            "ecefb157-5c5f-48d1-a3b4-007a7c533ed3",
            "f8b0a738-f501-4db1-b002-ad92cc544659",
            "927c08e7-1d49-435f-94cb-06331257cd32",
            "6aa5a539-7e3d-4154-9b48-f1b78fd87255",
            "aeda8c95-b2d5-40a3-863c-da25c4bdf020",
            "20897861-778c-4e64-a8b8-cd84bf900414",
            "1af9542e-2086-4071-b7a8-2d9d3daddfc3"
          ],
          "failures": [
            "667858ca-e8b6-49b3-8ed3-2e63d465f439",
            "2e9a4a4b-eac0-4253-bcd6-5aae42581e13"
          ],
          "pending": [],
          "skipped": [],
          "duration": 45231,
          "root": false,
          "rootEmpty": false,
          "_timeout": 0
        }
      ],
      "passes": [],
      "failures": [],
      "pending": [],
      "skipped": [],
      "duration": 0,
      "root": true,
      "rootEmpty": true,
      "_timeout": 2000
    }
  ],
  "meta": {
    "mocha": {
      "version": "10.7.3"
    },
    "mochawesome": {
      "options": {
        "quiet": false,
        "reportFilename": "report",
        "saveHtml": true,
        "saveJson": true,
        "consoleReporter": "spec",
        "useInlineDiffs": false,
        "code": true
      },
      "version": "7.1.3"
    },
    "marge": {
      "options": {
        "reportDir": "D:\\Kerjaan\\btn\\automation_test\\btn_properti\\reports\\2024-10-02\\mochawesome-report",
        "reportFilename": "report",
        "overwrite": true,
        "html": true,
        "json": true
      },
      "version": "6.2.0"
    }
  }
}