{
  "stats": {
    "suites": 1,
    "tests": 1,
    "passes": 1,
    "pending": 0,
    "failures": 0,
    "start": "2024-10-11T09:22:59.533Z",
    "end": "2024-10-11T09:23:34.977Z",
    "duration": 35444,
    "testsRegistered": 1,
    "passPercent": 100,
    "pendingPercent": 0,
    "other": 0,
    "hasOther": false,
    "skipped": 0,
    "hasSkipped": false
  },
  "results": [
    {
      "uuid": "328da264-dfb1-460f-8077-086dbdd60208",
      "title": "",
      "fullFile": "D:\\Kerjaan\\btn\\automation_test\\btn_properti\\test\\homeTest\\homeTest.js",
      "file": "\\test\\homeTest\\homeTest.js",
      "beforeHooks": [],
      "afterHooks": [],
      "tests": [],
      "suites": [
        {
          "uuid": "2d857d3c-ba1c-4745-ad3d-79d141591ffb",
          "title": "Check home page",
          "fullFile": "D:\\Kerjaan\\btn\\automation_test\\btn_properti\\test\\homeTest\\homeTest.js",
          "file": "\\test\\homeTest\\homeTest.js",
          "beforeHooks": [
            {
              "title": "\"before each\" hook in \"Check home page\"",
              "fullTitle": "Check home page \"before each\" hook in \"Check home page\"",
              "timedOut": false,
              "duration": 18251,
              "state": null,
              "speed": null,
              "pass": false,
              "fail": false,
              "pending": false,
              "context": null,
              "code": "await homeTest.navigateToBtnPropertiWeb()",
              "err": {},
              "uuid": "e2f67205-8045-494a-8c18-646bc5e02d03",
              "parentUUID": "2d857d3c-ba1c-4745-ad3d-79d141591ffb",
              "isHook": true,
              "skipped": false
            }
          ],
          "afterHooks": [
            {
              "title": "\"after all\" hook: Quit the browser in \"Check home page\"",
              "fullTitle": "Check home page \"after all\" hook: Quit the browser in \"Check home page\"",
              "timedOut": false,
              "duration": 992,
              "state": null,
              "speed": null,
              "pass": false,
              "fail": false,
              "pending": false,
              "context": null,
              "code": "await homeTest.quitTheBrowser()",
              "err": {},
              "uuid": "2ec7bb55-045c-403e-9691-ee863434dfa8",
              "parentUUID": "2d857d3c-ba1c-4745-ad3d-79d141591ffb",
              "isHook": true,
              "skipped": false
            }
          ],
          "tests": [
            {
              "title": "TC009 navigate to Ajukan KPR page",
              "fullTitle": "Check home page TC009 navigate to Ajukan KPR page",
              "timedOut": false,
              "duration": 16180,
              "state": "passed",
              "speed": "slow",
              "pass": true,
              "fail": false,
              "pending": false,
              "context": null,
              "code": "await homeTest.navigateToAjukanKpr()\nawait driver.sleep(3000)\n\nconst actualUrl = await driver.getCurrentUrl()\nconst expectedUrl = url.spesific_url.ajukan_kpr\nawait homeTest.verifyThat(actualUrl, expectedUrl)",
              "err": {},
              "uuid": "7afbef43-927d-4240-87c8-02dada546b09",
              "parentUUID": "2d857d3c-ba1c-4745-ad3d-79d141591ffb",
              "isHook": false,
              "skipped": false
            }
          ],
          "suites": [],
          "passes": [
            "7afbef43-927d-4240-87c8-02dada546b09"
          ],
          "failures": [],
          "pending": [],
          "skipped": [],
          "duration": 16180,
          "root": false,
          "rootEmpty": false,
          "_timeout": 0
        }
      ],
      "passes": [],
      "failures": [],
      "pending": [],
      "skipped": [],
      "duration": 0,
      "root": true,
      "rootEmpty": true,
      "_timeout": 2000
    }
  ],
  "meta": {
    "mocha": {
      "version": "10.7.3"
    },
    "mochawesome": {
      "options": {
        "quiet": false,
        "reportFilename": "report",
        "saveHtml": true,
        "saveJson": true,
        "consoleReporter": "spec",
        "useInlineDiffs": false,
        "code": true
      },
      "version": "7.1.3"
    },
    "marge": {
      "options": {
        "reportDir": "D:\\Kerjaan\\btn\\automation_test\\btn_properti\\reports\\2024-10-11\\mochawesome-report",
        "reportFilename": "report",
        "overwrite": true,
        "html": true,
        "json": true
      },
      "version": "6.2.0"
    }
  }
}