{
  "stats": {
    "suites": 1,
    "tests": 3,
    "passes": 3,
    "pending": 0,
    "failures": 0,
    "start": "2024-09-27T08:40:56.915Z",
    "end": "2024-09-27T08:41:24.362Z",
    "duration": 27447,
    "testsRegistered": 3,
    "passPercent": 100,
    "pendingPercent": 0,
    "other": 0,
    "hasOther": false,
    "skipped": 0,
    "hasSkipped": false
  },
  "results": [
    {
      "uuid": "022ee5d2-6609-4e79-8bcd-0dfec9a69fb2",
      "title": "",
      "fullFile": "D:\\Kerjaan\\btn\\automation_test\\btn_properti\\tests\\homePageTest.js",
      "file": "\\tests\\homePageTest.js",
      "beforeHooks": [],
      "afterHooks": [],
      "tests": [],
      "suites": [
        {
          "uuid": "28b121c2-63db-430f-a155-45f0ef34ff75",
          "title": "Check home page",
          "fullFile": "D:\\Kerjaan\\btn\\automation_test\\btn_properti\\tests\\homePageTest.js",
          "file": "\\tests\\homePageTest.js",
          "beforeHooks": [],
          "afterHooks": [
            {
              "title": "\"after all\" hook: Quit the browser in \"Check home page\"",
              "fullTitle": "Check home page \"after all\" hook: Quit the browser in \"Check home page\"",
              "timedOut": false,
              "duration": 653,
              "state": null,
              "speed": null,
              "pass": false,
              "fail": false,
              "pending": false,
              "context": null,
              "code": "await testHomePage.quitTheBrowser()",
              "err": {},
              "uuid": "dd5d78c8-8104-45b2-af73-5af6cdda90c5",
              "parentUUID": "28b121c2-63db-430f-a155-45f0ef34ff75",
              "isHook": true,
              "skipped": false
            }
          ],
          "tests": [
            {
              "title": "TC001 access BTN Properti website",
              "fullTitle": "Check home page TC001 access BTN Properti website",
              "timedOut": false,
              "duration": 18297,
              "state": "passed",
              "speed": "slow",
              "pass": true,
              "fail": false,
              "pending": false,
              "context": null,
              "code": "await testHomePage.navigateToBtnPropertiWeb()\n\nconst actualTitle = await driver.getTitle()\nconst expectedTitle = 'BTN Properti: Kemudahan Miliki Rumah Impian Dimulai Dari Sini'\nawait testHomePage.verifyThat(actualTitle, expectedTitle)\n\nawait testHomePage.scrollDown()",
              "err": {},
              "uuid": "52302ea3-1a38-4d98-bce5-5e9330444b65",
              "parentUUID": "28b121c2-63db-430f-a155-45f0ef34ff75",
              "isHook": false,
              "skipped": false
            },
            {
              "title": "TC002 navigate to Hitung Harga page",
              "fullTitle": "Check home page TC002 navigate to Hitung Harga page",
              "timedOut": false,
              "duration": 4492,
              "state": "passed",
              "speed": "slow",
              "pass": true,
              "fail": false,
              "pending": false,
              "context": null,
              "code": "await testHomePage.navigateToHitungHargaPage()\nawait driver.sleep(2000)\n\nconst actualUrl = await driver.getCurrentUrl()\nconst expectedUrl = `${url.baseUrl_prod}tools/hitung-harga-properti`\nawait testHomePage.verifyThat(actualUrl, expectedUrl)\n\nawait testHomePage.backToPreviousPage()",
              "err": {},
              "uuid": "0feff13c-6606-4c2b-abf4-eec57b93993f",
              "parentUUID": "28b121c2-63db-430f-a155-45f0ef34ff75",
              "isHook": false,
              "skipped": false
            },
            {
              "title": "TC003 navigate to Harga Pasar page",
              "fullTitle": "Check home page TC003 navigate to Harga Pasar page",
              "timedOut": false,
              "duration": 3937,
              "state": "passed",
              "speed": "slow",
              "pass": true,
              "fail": false,
              "pending": false,
              "context": null,
              "code": "await testHomePage.navigateToHargaPasar()\nawait driver.sleep(2000)\nconst actualUrl = await driver.getCurrentUrl()\nconst expectedUrl = `${url.baseUrl_prod}tools/harga-pasaran-rumah?pg=1`\nawait testHomePage.verifyThat(actualUrl, expectedUrl)\nawait testHomePage.backToPreviousPage()",
              "err": {},
              "uuid": "9225e726-d827-4030-8101-c0d8cea436b8",
              "parentUUID": "28b121c2-63db-430f-a155-45f0ef34ff75",
              "isHook": false,
              "skipped": false
            }
          ],
          "suites": [],
          "passes": [
            "52302ea3-1a38-4d98-bce5-5e9330444b65",
            "0feff13c-6606-4c2b-abf4-eec57b93993f",
            "9225e726-d827-4030-8101-c0d8cea436b8"
          ],
          "failures": [],
          "pending": [],
          "skipped": [],
          "duration": 26726,
          "root": false,
          "rootEmpty": false,
          "_timeout": 0
        }
      ],
      "passes": [],
      "failures": [],
      "pending": [],
      "skipped": [],
      "duration": 0,
      "root": true,
      "rootEmpty": true,
      "_timeout": 2000
    }
  ],
  "meta": {
    "mocha": {
      "version": "10.7.3"
    },
    "mochawesome": {
      "options": {
        "quiet": false,
        "reportFilename": "report",
        "saveHtml": true,
        "saveJson": true,
        "consoleReporter": "spec",
        "useInlineDiffs": false,
        "code": true
      },
      "version": "7.1.3"
    },
    "marge": {
      "options": {
        "reportDir": "D:\\Kerjaan\\btn\\automation_test\\btn_properti\\reports\\2024-09-27\\mochawesome-report",
        "reportFilename": "report",
        "overwrite": true,
        "html": true,
        "json": true
      },
      "version": "6.2.0"
    }
  }
}